ABAC ABCA CBAB CABA CABC ACBA CABA CBAB CABA CABC ACBA BCAB ACBA BCAC BACA BACB
ABCA BACA BCAC BABC BACA BACB
88
ABAC ABAD ABAC ABCA CBAB CABA CABC ACBA BDAB ACAB ADAB ACAB CACB ABCA BACA BCAC
BACA BACB ABCA BACA BCAC BABC ABAC ABDA BACA BADA BACA BCAC BABC ABAC ABCA CBAB
DABA CABA DABA CABC ACBA BCAB ACAB CACD ABAC ABAD ABAC ABCA CBAB CABA CABC ADAB
ACAB ADAB ACAD ABAD ACAB ACAD ABAC ABAD ABAC ADAB ADAC ABCA CBAB CABA CABC ACBA
BCAC DABA CABA DABA CABC ACBA BCAB ACAB CACB ABDA BACA BADA BACA BCAC BABC ABAC
ABCA CBAC ABAC BABC ABAC ABCA CBAB CABA CABD ABAC ABAD ABAC ABCA CBAB CABA CABC
ACBA BDAB ACAB ADAB ACAB CACB ABCA BACA BCAC DABA CABA DABA CABC ACBA BCAB ACAB
CADA BACA BADA BACA DABA DACA BACA DABA CABA DABA CADA BADA CABC ACBA BCAB ACAB
CACB ABCA DABA CABA DABA CADA BADA CABA CADA BACA BADA BACA DABA DACA BCAC BABC
ABAC ABCA CDAB ACAB ADAB ACAB CACB ABCA BACA BCAC BABD ABAC ABAD ABAC ABCA CBAB
CABA CABC ACBA CABA CBAB CABA CABC ACBA BCAB ACAB DABA CABA DABA CABC ACBA BCAB
ACAB CACB ABDA BACA BADA BACA BCAC BABC ABAC ABCA CDAB ACAB ADAB ACAB CACB ABCA
BACA BCAD ABAC ABAD ABAC ADAB ADAC ABAC ADAB ACAB ADAB ACAD ABAD ACAB CACB ABCA
BACA BCAC BABC ACDA BACA BADA BACA BCAC BABC ABAC ABCA CBAB DABA CABA DABA CABC
ACBA BCAB ACAB CACB ACAB ACBA BCAB ACAB CACB ABCA BACA BDAB ACAB ADAB ACAB CACB
ABCA BACA BCAC BABD ABAC ABAD ABAC ABCA CBAB
996
ABAC ABCA CBAB CABA CABC ACBA CABA CBAB CABA CABC ACBA BCAB ACBA BCAC BACA BACB
A
65
ABAC ABAD ABAC ABAE ABAC ABAD ABAC ABAF ABAC ABAD ABAC ABAE ABAC ABAD ABAC ABAG
ABAC ABAD ABAC ABAE ABAC ABAD ABAC ABAF ABAC ABAD ABAC ABAE ABAC ABAD ABAC ABCA
CBAB CABA CABC ACBA BDAB ACAB ADAB ACAB CACB ABCA BACA BCAC BABE ABAC ABAD ABAC
ABAE ABAC ABAD ABAC ABCA CBAB CABA CABC ACBA BDAB ACAB ADAB ACAB CACB ABCA BACA
BCAC BABF ABAC ABAD ABAC ABAE ABAC ABAD ABAC ABAF ABAC ABAD ABAC ABAE ABAC ABAD
ABAC ABCA CBAB CABA CABC ACBA BDAB ACAB ADAB ACAB CACB ABCA BACA BCAC BABE ABAC
ABAD ABAC ABAE ABAC ABAD ABAC ABCA CBAB CABA CABC ACBA BDAB ACAB ADAB ACAB CACB
ABCA BACA BCAC BABG ABAC ABAD ABAC ABAE ABAC ABAD ABAC ABAF ABAC ABAD ABAC ABAE
ABAC ABAD ABAC ABAG ABAC ABAD ABAC ABAE ABAC ABAD ABAC ABAF ABAC ABAD ABAC ABAE
ABAC ABAD ABAC ABCA CBAB CABA CABC ACBA BDAB ACAB ADAB ACAB CACB ABCA BACA BCAC
BABE ABAC ABAD ABAC ABAE ABAC A
665
